[    0.000000] Linux version 4.15.0-64-generic (buildd@lgw01-amd64-038) (gcc version 7.4.0 (Ubuntu 7.4.0-1ubuntu1~18.04.1)) #73-Ubuntu SMP Thu Sep 12 13:16:13 UTC 2019 (Ubuntu 4.15.0-64.73-generic 4.15.18)
[    0.000000] Command line: BOOT_IMAGE=/boot/vmlinuz-4.15.0-64-generic root=UUID=e1a73430-d67d-464f-a680-cc80547f7ef3 ro console=tty1 console=ttyS0
[    0.000000] KERNEL supported cpus:
[    0.000000]   Intel GenuineIntel
[    0.000000]   AMD AuthenticAMD
[    0.000000]   Centaur CentaurHauls
[    0.000000] x86/fpu: Supporting XSAVE feature 0x001: 'x87 floating point registers'
[    0.000000] x86/fpu: Supporting XSAVE feature 0x002: 'SSE registers'
[    0.000000] x86/fpu: Supporting XSAVE feature 0x004: 'AVX registers'
[    0.000000] x86/fpu: xstate_offset[2]:  576, xstate_sizes[2]:  256
[    0.000000] x86/fpu: Enabled xstate features 0x7, context size is 832 bytes, using 'standard' format.
[    0.000000] e820: BIOS-provided physical RAM map:
[    0.000000] BIOS-e820: [mem 0x0000000000000000-0x000000000009fbff] usable
[    0.000000] BIOS-e820: [mem 0x000000000009fc00-0x000000000009ffff] reserved
[    0.000000] BIOS-e820: [mem 0x00000000000f0000-0x00000000000fffff] reserved
[    0.000000] BIOS-e820: [mem 0x0000000000100000-0x000000003ffeffff] usable
[    0.000000] BIOS-e820: [mem 0x000000003fff0000-0x000000003fffffff] ACPI data
[    0.000000] BIOS-e820: [mem 0x00000000fec00000-0x00000000fec00fff] reserved
[    0.000000] BIOS-e820: [mem 0x00000000fee00000-0x00000000fee00fff] reserved
[    0.000000] BIOS-e820: [mem 0x00000000fffc0000-0x00000000ffffffff] reserved
[    0.000000] NX (Execute Disable) protection: active
[    0.000000] SMBIOS 2.5 present.
[    0.000000] DMI: innotek GmbH VirtualBox/VirtualBox, BIOS VirtualBox 12/01/2006
[    0.000000] Hypervisor detected: KVM
[    0.000000] e820: last_pfn = 0x3fff0 max_arch_pfn = 0x400000000
[    0.000000] MTRR: Disabled
[    0.000000] x86/PAT: MTRRs disabled, skipping PAT initialization too.
[    0.000000] CPU MTRRs all blank - virtualized system.
[    0.000000] x86/PAT: Configuration [0-7]: WB  WT  UC- UC  WB  WT  UC- UC  
[    0.000000] found SMP MP-table at [mem 0x0009fff0-0x0009ffff]
[    0.000000] Scanning 1 areas for low memory corruption
[    0.000000] RAMDISK: [mem 0x35983000-0x36cb8fff]
[    0.000000] ACPI: Early table checksum verification disabled
[    0.000000] ACPI: RSDP 0x00000000000E0000 000024 (v02 VBOX  )
[    0.000000] ACPI: XSDT 0x000000003FFF0030 00003C (v01 VBOX   VBOXXSDT 00000001 ASL  00000061)
[    0.000000] ACPI: FACP 0x000000003FFF00F0 0000F4 (v04 VBOX   VBOXFACP 00000001 ASL  00000061)
[    0.000000] ACPI: DSDT 0x000000003FFF0470 0022EA (v02 VBOX   VBOXBIOS 00000002 INTL 20100528)
[    0.000000] ACPI: FACS 0x000000003FFF0200 000040
[    0.000000] ACPI: FACS 0x000000003FFF0200 000040
[    0.000000] ACPI: APIC 0x000000003FFF0240 00005C (v02 VBOX   VBOXAPIC 00000001 ASL  00000061)
[    0.000000] ACPI: SSDT 0x000000003FFF02A0 0001CC (v01 VBOX   VBOXCPUT 00000002 INTL 20100528)
[    0.000000] No NUMA configuration found
[    0.000000] Faking a node at [mem 0x0000000000000000-0x000000003ffeffff]
[    0.000000] NODE_DATA(0) allocated [mem 0x3ffc5000-0x3ffeffff]
[    0.000000] kvm-clock: cpu 0, msr 0:3ff44001, primary cpu clock
[    0.000000] kvm-clock: Using msrs 4b564d01 and 4b564d00
[    0.000000] kvm-clock: using sched offset of 6505534382 cycles
[    0.000000] clocksource: kvm-clock: mask: 0xffffffffffffffff max_cycles: 0x1cd42e4dffb, max_idle_ns: 881590591483 ns
[    0.000000] Zone ranges:
[    0.000000]   DMA      [mem 0x0000000000001000-0x0000000000ffffff]
[    0.000000]   DMA32    [mem 0x0000000001000000-0x000000003ffeffff]
[    0.000000]   Normal   empty
[    0.000000]   Device   empty
[    0.000000] Movable zone start for each node
[    0.000000] Early memory node ranges
[    0.000000]   node   0: [mem 0x0000000000001000-0x000000000009efff]
[    0.000000]   node   0: [mem 0x0000000000100000-0x000000003ffeffff]
[    0.000000] Reserved but unavailable: 98 pages
[    0.000000] Initmem setup node 0 [mem 0x0000000000001000-0x000000003ffeffff]
[    0.000000] ACPI: PM-Timer IO Port: 0x4008
[    0.000000] IOAPIC[0]: apic_id 2, version 32, address 0xfec00000, GSI 0-23
[    0.000000] ACPI: INT_SRC_OVR (bus 0 bus_irq 0 global_irq 2 dfl dfl)
[    0.000000] ACPI: INT_SRC_OVR (bus 0 bus_irq 9 global_irq 9 low level)
[    0.000000] Using ACPI (MADT) for SMP configuration information
[    0.000000] smpboot: Allowing 2 CPUs, 0 hotplug CPUs
[    0.000000] PM: Registered nosave memory: [mem 0x00000000-0x00000fff]
[    0.000000] PM: Registered nosave memory: [mem 0x0009f000-0x0009ffff]
[    0.000000] PM: Registered nosave memory: [mem 0x000a0000-0x000effff]
[    0.000000] PM: Registered nosave memory: [mem 0x000f0000-0x000fffff]
[    0.000000] e820: [mem 0x40000000-0xfebfffff] available for PCI devices
[    0.000000] Booting paravirtualized kernel on KVM
[    0.000000] clocksource: refined-jiffies: mask: 0xffffffff max_cycles: 0xffffffff, max_idle_ns: 7645519600211568 ns
[    0.000000] random: get_random_bytes called from start_kernel+0x99/0x4fd with crng_init=0
[    0.000000] setup_percpu: NR_CPUS:8192 nr_cpumask_bits:2 nr_cpu_ids:2 nr_node_ids:1
[    0.000000] percpu: Embedded 46 pages/cpu s151552 r8192 d28672 u1048576
[    0.000000] PV qspinlock hash table entries: 256 (order: 0, 4096 bytes)
[    0.000000] Built 1 zonelists, mobility grouping on.  Total pages: 257913
[    0.000000] Policy zone: DMA32
[    0.000000] Kernel command line: BOOT_IMAGE=/boot/vmlinuz-4.15.0-64-generic root=UUID=e1a73430-d67d-464f-a680-cc80547f7ef3 ro console=tty1 console=ttyS0
[    0.000000] Memory: 982912K/1048120K available (12300K kernel code, 2481K rwdata, 4172K rodata, 2436K init, 2384K bss, 65208K reserved, 0K cma-reserved)
[    0.000000] SLUB: HWalign=64, Order=0-3, MinObjects=0, CPUs=2, Nodes=1
[    0.000000] Kernel/User page tables isolation: enabled
[    0.000000] ftrace: allocating 39306 entries in 154 pages
[    0.004000] Hierarchical RCU implementation.
[    0.004000] 	RCU restricting CPUs from NR_CPUS=8192 to nr_cpu_ids=2.
[    0.004000] 	Tasks RCU enabled.
[    0.004000] RCU: Adjusting geometry for rcu_fanout_leaf=16, nr_cpu_ids=2
[    0.004000] NR_IRQS: 524544, nr_irqs: 440, preallocated irqs: 16
[    0.004000] Console: colour VGA+ 80x25
[    0.004000] console [tty1] enabled
[    0.004000] console [ttyS0] enabled
[    0.004000] ACPI: Core revision 20170831
[    0.004000] ACPI: 2 ACPI AML tables successfully acquired and loaded
[    0.004000] APIC: Switch to symmetric I/O mode setup
[    0.004000] x2apic enabled
[    0.004013] Switched APIC routing to physical x2apic.
[    0.016000] ..TIMER: vector=0x30 apic1=0 pin1=2 apic2=-1 pin2=-1
[    0.016020] tsc: Detected 2494.226 MHz processor
[    0.020026] Calibrating delay loop (skipped) preset value.. 4988.45 BogoMIPS (lpj=9976904)
[    0.024021] pid_max: default: 32768 minimum: 301
[    0.028156] Security Framework initialized
[    0.032020] Yama: becoming mindful.
[    0.036078] AppArmor: AppArmor initialized
[    0.040170] Dentry cache hash table entries: 131072 (order: 8, 1048576 bytes)
[    0.044264] Inode-cache hash table entries: 65536 (order: 7, 524288 bytes)
[    0.048057] Mount-cache hash table entries: 2048 (order: 2, 16384 bytes)
[    0.052019] Mountpoint-cache hash table entries: 2048 (order: 2, 16384 bytes)
[    0.057100] Last level iTLB entries: 4KB 1024, 2MB 1024, 4MB 1024
[    0.060021] Last level dTLB entries: 4KB 1024, 2MB 1024, 4MB 1024, 1GB 4
[    0.064009] Spectre V1 : Mitigation: usercopy/swapgs barriers and __user pointer sanitization
[    0.068009] Spectre V2 : Mitigation: Full generic retpoline
[    0.072006] Spectre V2 : Spectre v2 / SpectreRSB mitigation: Filling RSB on context switch
[    0.076007] Speculative Store Bypass: Vulnerable
[    0.080085] MDS: Vulnerable: Clear CPU buffers attempted, no microcode
[    0.084697] Freeing SMP alternatives memory: 36K
[    0.096000] APIC calibration not consistent with PM-Timer: 104ms instead of 100ms
[    0.096000] APIC delta adjusted to PM-Timer: 6244610 (6504580)
[    0.096141] smpboot: CPU0: Intel(R) Core(TM) i5-4300U CPU @ 1.90GHz (family: 0x6, model: 0x45, stepping: 0x1)
[    0.100223] Performance Events: unsupported p6 CPU model 69 no PMU driver, software events only.
[    0.104086] Hierarchical SRCU implementation.
[    0.108543] NMI watchdog: Perf event create on CPU 0 failed with -2
[    0.112003] NMI watchdog: Perf NMI watchdog permanently disabled
[    0.116000] smp: Bringing up secondary CPUs ...
[    0.116260] x86: Booting SMP configuration:
[    0.118887] .... node  #0, CPUs:      #1
[    0.004000] kvm-clock: cpu 1, msr 0:3ff44041, secondary cpu clock
[    0.127023] smp: Brought up 1 node, 2 CPUs
[    0.128019] smpboot: Max logical packages: 1
[    0.132005] smpboot: Total of 2 processors activated (9976.90 BogoMIPS)
[    0.136331] devtmpfs: initialized
[    0.140086] x86/mm: Memory block size: 128MB
[    0.144040] evm: security.selinux
[    0.146451] evm: security.SMACK64
[    0.148003] evm: security.SMACK64EXEC
[    0.150702] evm: security.SMACK64TRANSMUTE
[    0.152003] evm: security.SMACK64MMAP
[    0.156003] evm: security.apparmor
[    0.158195] evm: security.ima
[    0.160003] evm: security.capability
[    0.164372] clocksource: jiffies: mask: 0xffffffff max_cycles: 0xffffffff, max_idle_ns: 7645041785100000 ns
[    0.168014] futex hash table entries: 512 (order: 3, 32768 bytes)
[    0.176000] pinctrl core: initialized pinctrl subsystem
[    0.180329] RTC time: 10:59:06, date: 09/26/19
[    0.183629] NET: Registered protocol family 16
[    0.184431] audit: initializing netlink subsys (disabled)
[    0.188058] audit: type=2000 audit(1569495553.950:1): state=initialized audit_enabled=0 res=1
[    0.196023] cpuidle: using governor ladder
[    0.200028] cpuidle: using governor menu
[    0.204206] ACPI: bus type PCI registered
[    0.207398] acpiphp: ACPI Hot Plug PCI Controller Driver version: 0.5
[    0.212049] PCI: Using configuration type 1 for base access
[    0.221686] HugeTLB registered 2.00 MiB page size, pre-allocated 0 pages
[    0.228127] ACPI: Added _OSI(Module Device)
[    0.231028] ACPI: Added _OSI(Processor Device)
[    0.232024] ACPI: Added _OSI(3.0 _SCP Extensions)
[    0.236016] ACPI: Added _OSI(Processor Aggregator Device)
[    0.240005] ACPI: Added _OSI(Linux-Dell-Video)
[    0.242597] ACPI: Added _OSI(Linux-Lenovo-NV-HDMI-Audio)
[    0.244017] ACPI: Added _OSI(Linux-HPI-Hybrid-Graphics)
[    0.248891] ACPI: Executed 1 blocks of module-level executable AML code
[    0.276768] ACPI: Interpreter enabled
[    0.279405] ACPI: (supports S0 S5)
[    0.280004] ACPI: Using IOAPIC for interrupt routing
[    0.285459] PCI: Using host bridge windows from ACPI; if necessary, use "pci=nocrs" and report a bug
[    0.288795] ACPI: Enabled 2 GPEs in block 00 to 07
[    0.325818] ACPI: PCI Root Bridge [PCI0] (domain 0000 [bus 00-ff])
[    0.328026] acpi PNP0A03:00: _OSC: OS supports [ASPM ClockPM Segments MSI]
[    0.337751] acpi PNP0A03:00: _OSC: not requesting OS control; OS requires [ExtendedConfig ASPM ClockPM MSI]
[    0.344036] acpi PNP0A03:00: fail to add MMCONFIG information, can't access extended PCI configuration space under this bridge.
[    0.353117] PCI host bridge to bus 0000:00
[    0.356018] pci_bus 0000:00: root bus resource [io  0x0000-0x0cf7 window]
[    0.360000] pci_bus 0000:00: root bus resource [io  0x0d00-0xffff window]
[    0.360009] pci_bus 0000:00: root bus resource [mem 0x000a0000-0x000bffff window]
[    0.364008] pci_bus 0000:00: root bus resource [mem 0x40000000-0xfdffffff window]
[    0.368020] pci_bus 0000:00: root bus resource [bus 00-ff]
[    0.382304] pci 0000:00:01.1: legacy IDE quirk: reg 0x10: [io  0x01f0-0x01f7]
[    0.384007] pci 0000:00:01.1: legacy IDE quirk: reg 0x14: [io  0x03f6]
[    0.388019] pci 0000:00:01.1: legacy IDE quirk: reg 0x18: [io  0x0170-0x0177]
[    0.392017] pci 0000:00:01.1: legacy IDE quirk: reg 0x1c: [io  0x0376]
[    0.438264] pci 0000:00:07.0: quirk: [io  0x4000-0x403f] claimed by PIIX4 ACPI
[    0.440056] pci 0000:00:07.0: quirk: [io  0x4100-0x410f] claimed by PIIX4 SMB
[    0.465328] ACPI: PCI Interrupt Link [LNKA] (IRQs 5 9 10 *11)
[    0.473567] ACPI: PCI Interrupt Link [LNKB] (IRQs 5 9 *10 11)
[    0.476808] ACPI: PCI Interrupt Link [LNKC] (IRQs 5 *9 10 11)
[    0.480552] ACPI: PCI Interrupt Link [LNKD] (IRQs 5 9 10 *11)
[    0.485316] SCSI subsystem initialized
[    0.488178] pci 0000:00:02.0: vgaarb: setting as boot VGA device
[    0.492000] pci 0000:00:02.0: vgaarb: VGA device added: decodes=io+mem,owns=io+mem,locks=none
[    0.492012] pci 0000:00:02.0: vgaarb: bridge control possible
[    0.496019] vgaarb: loaded
[    0.498450] ACPI: bus type USB registered
[    0.500073] usbcore: registered new interface driver usbfs
[    0.504046] usbcore: registered new interface driver hub
[    0.508059] usbcore: registered new device driver usb
[    0.512225] EDAC MC: Ver: 3.0.0
[    0.516682] PCI: Using ACPI for IRQ routing
[    0.520789] NetLabel: Initializing
[    0.524005] NetLabel:  domain hash size = 128
[    0.528019] NetLabel:  protocols = UNLABELED CIPSOv4 CALIPSO
[    0.532081] NetLabel:  unlabeled traffic allowed by default
[    0.536281] clocksource: Switched to clocksource kvm-clock
[    0.623765] VFS: Disk quotas dquot_6.6.0
[    0.627130] VFS: Dquot-cache hash table entries: 512 (order 0, 4096 bytes)
[    0.633384] AppArmor: AppArmor Filesystem Enabled
[    0.636896] pnp: PnP ACPI init
[    0.644766] pnp: PnP ACPI: found 3 devices
[    0.665864] clocksource: acpi_pm: mask: 0xffffff max_cycles: 0xffffff, max_idle_ns: 2085701024 ns
[    0.673053] NET: Registered protocol family 2
[    0.684475] TCP established hash table entries: 8192 (order: 4, 65536 bytes)
[    0.688743] TCP bind hash table entries: 8192 (order: 5, 131072 bytes)
[    0.694259] TCP: Hash tables configured (established 8192 bind 8192)
[    0.699212] UDP hash table entries: 512 (order: 2, 16384 bytes)
[    0.703218] UDP-Lite hash table entries: 512 (order: 2, 16384 bytes)
[    0.708344] NET: Registered protocol family 1
[    0.711916] pci 0000:00:00.0: Limiting direct PCI/PCI transfers
[    0.716120] pci 0000:00:01.0: Activating ISA DMA hang workarounds
[    0.720770] pci 0000:00:02.0: Video device with shadowed ROM at [mem 0x000c0000-0x000dffff]
[    0.726364] Unpacking initramfs...
[    2.074583] Freeing initrd memory: 19672K
[    2.078152] clocksource: tsc: mask: 0xffffffffffffffff max_cycles: 0x23f3eb3743e, max_idle_ns: 440795257847 ns
[    2.086218] platform rtc_cmos: registered platform RTC device (no PNP device found)
[    2.092294] Scanning for low memory corruption every 60 seconds
[    2.099582] Initialise system trusted keyrings
[    2.103387] Key type blacklist registered
[    2.106950] workingset: timestamp_bits=36 max_order=18 bucket_order=0
[    2.118644] zbud: loaded
[    2.123497] squashfs: version 4.0 (2009/01/31) Phillip Lougher
[    2.129259] fuse init (API version 7.26)
[    2.141225] Key type asymmetric registered
[    2.145535] Asymmetric key parser 'x509' registered
[    2.149365] Block layer SCSI generic (bsg) driver version 0.4 loaded (major 246)
[    2.157723] io scheduler noop registered
[    2.163334] io scheduler deadline registered
[    2.167011] io scheduler cfq registered (default)
[    2.171978] ACPI: AC Adapter [AC] (on-line)
[    2.175530] input: Power Button as /devices/LNXSYSTM:00/LNXPWRBN:00/input/input0
[    2.181617] ACPI: Power Button [PWRF]
[    2.185037] input: Sleep Button as /devices/LNXSYSTM:00/LNXSLPBN:00/input/input1
[    2.191388] ACPI: Sleep Button [SLPF]
[    2.200806] Serial: 8250/16550 driver, 32 ports, IRQ sharing enabled
[    2.201636] ACPI: Battery Slot [BAT0] (battery present)
[    2.231589] 00:02: ttyS0 at I/O 0x3f8 (irq = 4, base_baud = 115200) is a 16550A
[    2.248740] Linux agpgart interface v0.103
[    2.265293] loop: module loaded
[    2.270049] scsi host0: ata_piix
[    2.272945] scsi host1: ata_piix
[    2.275266] ata1: PATA max UDMA/33 cmd 0x1f0 ctl 0x3f6 bmdma 0xd000 irq 14
[    2.280155] ata2: PATA max UDMA/33 cmd 0x170 ctl 0x376 bmdma 0xd008 irq 15
[    2.284754] libphy: Fixed MDIO Bus: probed
[    2.288283] tun: Universal TUN/TAP device driver, 1.6
[    2.291964] PPP generic driver version 2.4.2
[    2.295372] ehci_hcd: USB 2.0 'Enhanced' Host Controller (EHCI) Driver
[    2.299494] ehci-pci: EHCI PCI platform driver
[    2.302524] ehci-platform: EHCI generic platform driver
[    2.305941] ohci_hcd: USB 1.1 'Open' Host Controller (OHCI) Driver
[    2.309612] ohci-pci: OHCI PCI platform driver
[    2.312634] ohci-platform: OHCI generic platform driver
[    2.316281] uhci_hcd: USB Universal Host Controller Interface driver
[    2.320241] i8042: PNP: PS/2 Controller [PNP0303:PS2K,PNP0f03:PS2M] at 0x60,0x64 irq 1,12
[    2.326925] serio: i8042 KBD port at 0x60,0x64 irq 1
[    2.330231] serio: i8042 AUX port at 0x60,0x64 irq 12
[    2.333664] mousedev: PS/2 mouse device common for all mice
[    2.338546] input: AT Translated Set 2 keyboard as /devices/platform/i8042/serio0/input/input2
[    2.344093] rtc_cmos rtc_cmos: rtc core: registered rtc_cmos as rtc0
[    2.349382] rtc_cmos rtc_cmos: alarms up to one day, 114 bytes nvram
[    2.353532] i2c /dev entries driver
[    2.356121] device-mapper: uevent: version 1.0.3
[    2.359499] device-mapper: ioctl: 4.37.0-ioctl (2017-09-20) initialised: dm-devel@redhat.com
[    2.365486] ledtrig-cpu: registered to indicate activity on CPUs
[    2.370548] NET: Registered protocol family 10
[    2.385533] Segment Routing with IPv6
[    2.388629] NET: Registered protocol family 17
[    2.392667] Key type dns_resolver registered
[    2.396651] mce: Using 0 MCE banks
[    2.398995] RAS: Correctable Errors collector initialized.
[    2.402387] sched_clock: Marking stable (2402332329, 0)->(3271490837, -869158508)
[    2.409123] registered taskstats version 1
[    2.411997] Loading compiled-in X.509 certificates
[    2.422362] Loaded X.509 cert 'Build time autogenerated kernel key: 9ff85db0b1f72c0c954e4d2eaca5a9366845820b'
[    2.431426] zswap: loaded using pool lzo/zbud
[    2.450632] Key type big_key registered
[    2.453679] Key type trusted registered
[    2.462936] Key type encrypted registered
[    2.466086] AppArmor: AppArmor sha1 policy hashing enabled
[    2.470363] ima: No TPM chip found, activating TPM-bypass! (rc=-19)
[    2.474917] ima: Allocated hash algorithm: sha1
[    2.479135] evm: HMAC attrs: 0x1
[    2.482453]   Magic number: 3:475:983
[    2.485694] rtc_cmos rtc_cmos: setting system clock to 2019-09-26 10:59:08 UTC (1569495548)
[    2.494406] BIOS EDD facility v0.16 2004-Jun-25, 0 devices found
[    2.498450] EDD information not available.
[    2.522342] Freeing unused kernel image memory: 2436K
[    2.549985] Write protecting the kernel read-only data: 20480k
[    2.556289] Freeing unused kernel image memory: 2008K
[    2.560700] Freeing unused kernel image memory: 1972K
[    2.629060] x86/mm: Checked W+X mappings: passed, no W+X pages found.
[    2.633035] x86/mm: Checking user space page tables
[    2.695736] x86/mm: Checked W+X mappings: passed, no W+X pages found.
Loading, please wait...
starting version 237
[    2.959331] Fusion MPT base driver 3.04.20
[    2.962848] Copyright (c) 1999-2008 LSI Corporation
[    3.003723] e1000: Intel(R) PRO/1000 Network Driver - version 7.3.21-k8-NAPI
[    3.003727] AVX2 version of gcm_enc/dec engaged.
[    3.009680] e1000: Copyright (c) 1999-2006 Intel Corporation.
[    3.017859] AES CTR mode by8 optimization enabled
[    3.069068] Fusion MPT SPI Host driver 3.04.20
[    3.221169] input: ImExPS/2 Generic Explorer Mouse as /devices/platform/i8042/serio1/input/input4
[    3.671008] e1000 0000:00:03.0 eth0: (PCI:33MHz:32-bit) 02:7b:65:15:69:ab
[    3.676268] e1000 0000:00:03.0 eth0: Intel(R) PRO/1000 Network Connection
[    3.686525] e1000 0000:00:03.0 enp0s3: renamed from eth0
[    3.688229] mptbase: ioc0: Initiating bringup
[    4.077454] ioc0: LSI53C1030 A0: Capabilities={Initiator}
[    5.044311] scsi host2: ioc0: LSI53C1030 A0, FwRev=00000000h, Ports=1, MaxQ=256, IRQ=20
[    5.587116] scsi 2:0:0:0: Direct-Access     VBOX     HARDDISK         1.0  PQ: 0 ANSI: 5
[    5.628907] scsi target2:0:0: Beginning Domain Validation
[    5.637167] scsi target2:0:0: Domain Validation skipping write tests
[    5.642143] scsi target2:0:0: Ending Domain Validation
[    5.647788] scsi target2:0:0: asynchronous
[    5.655602] random: fast init done
[    5.658621] scsi 2:0:1:0: Direct-Access     VBOX     HARDDISK         1.0  PQ: 0 ANSI: 5
[    6.041659] scsi target2:0:1: Beginning Domain Validation
[    6.048037] scsi target2:0:1: Domain Validation skipping write tests
[    6.051989] scsi target2:0:1: Ending Domain Validation
[    6.055410] scsi target2:0:1: asynchronous
[    6.072750] random: systemd-udevd: uninitialized urandom read (16 bytes read)
[    6.073007] sd 2:0:0:0: Attached scsi generic sg0 type 0
[    6.081268] random: systemd-udevd: uninitialized urandom read (16 bytes read)
[    6.086995] sd 2:0:1:0: Attached scsi generic sg1 type 0
[    6.091747] random: systemd-udevd: uninitialized urandom read (16 bytes read)
[    6.102879] sd 2:0:0:0: [sda] 20971520 512-byte logical blocks: (10.7 GB/10.0 GiB)
[    6.108734] sd 2:0:1:0: [sdb] 20480 512-byte logical blocks: (10.5 MB/10.0 MiB)
[    6.112558] sd 2:0:0:0: [sda] Write Protect is off
[    6.119128] sd 2:0:1:0: [sdb] Write Protect is off
[    6.119399] sd 2:0:0:0: [sda] Incomplete mode parameter data
[    6.127569] sd 2:0:0:0: [sda] Assuming drive cache: write through
[    6.136516] sd 2:0:1:0: [sdb] Incomplete mode parameter data
[    6.140647] sd 2:0:1:0: [sdb] Assuming drive cache: write through
[    6.142772]  sda: sda1
[    6.150437] sd 2:0:0:0: [sda] Attached SCSI disk
[    6.155414] sd 2:0:1:0: [sdb] Attached SCSI disk
Begin: Loading essential drivers ... [    9.292099] raid6: sse2x1   gen()  1483 MB/s
[    9.340717] raid6: sse2x1   xor()   923 MB/s
[    9.392395] raid6: sse2x2   gen()  3045 MB/s
[    9.440329] raid6: sse2x2   xor()  1411 MB/s
[    9.492073] raid6: sse2x4   gen()  3512 MB/s
[    9.540119] raid6: sse2x4   xor()  2159 MB/s
[    9.588876] raid6: avx2x1   gen()  2562 MB/s
[    9.640337] raid6: avx2x1   xor()  1620 MB/s
[    9.688171] raid6: avx2x2   gen()  5261 MB/s
[    9.740190] raid6: avx2x2   xor()  2665 MB/s
[    9.788773] raid6: avx2x4   gen()  5933 MB/s
[    9.836883] raid6: avx2x4   xor()  4365 MB/s
[    9.839890] raid6: using algorithm avx2x4 gen() 5933 MB/s
[    9.843771] raid6: .... xor() 4365 MB/s, rmw enabled
[    9.847467] raid6: using avx2x2 recovery algorithm
[    9.854482] xor: automatically using best checksumming function   avx       
[    9.861977] async_tx: api initialized (async)
done.
Begin: Running /scripts/init-premount ... done.
Begin: Mounting root file system ... Begin: Running /scripts/local-top ... done.
Begin: Running /scripts/local-premount ... [   10.040697] Btrfs loaded, crc32c=crc32c-intel
Scanning for Btrfs filesystems
done.
Warning: fsck not present, so skipping root file system
[   10.136696] EXT4-fs (sda1): mounted filesystem with ordered data mode. Opts: (null)
done.
Begin: Running /scripts/local-bottom ... done.
Begin: Running /scripts/init-bottom ... done.
[   10.517605] ip_tables: (C) 2000-2006 Netfilter Core Team
[   10.538930] systemd[1]: systemd 237 running in system mode. (+PAM +AUDIT +SELINUX +IMA +APPARMOR +SMACK +SYSVINIT +UTMP +LIBCRYPTSETUP +GCRYPT +GNUTLS +ACL +XZ +LZ4 +SECCOMP +BLKID +ELFUTILS +KMOD -IDN2 +IDN -PCRE2 default-hierarchy=hybrid)
[   10.552249] systemd[1]: Detected virtualization oracle.
[   10.556133] systemd[1]: Detected architecture x86-64.

Welcome to [1mUbuntu 18.04.1 LTS[0m!

[   10.575244] systemd[1]: Set hostname to <ubuntu-bionic>.
[   11.259593] systemd[1]: Set up automount Arbitrary Executable File Formats File System Automount Point.
[[0;32m  OK  [0m] Set up automount Arbitrary Executab…rmats File System Automount Point.
[   11.268791] systemd[1]: Reached target Swap.
[[0;32m  OK  [0m] Reached target Swap.
[   11.273333] systemd[1]: Started Forward Password Requests to Wall Directory Watch.
[[0;32m  OK  [0m] Started Forward Password Requests to Wall Directory Watch.
[   11.280677] systemd[1]: Reached target System Time Synchronized.
[[0;32m  OK  [0m] Reached target System Time Synchronized.
[   11.290911] systemd[1]: Created slice System Slice.
[[0;32m  OK  [0m] Created slice System Slice.
[   11.296050] systemd[1]: Listening on LVM2 metadata daemon socket.
[[0;32m  OK  [0m] Listening on LVM2 metadata daemon socket.
[[0;32m  OK  [0m] Listening on udev Control Socket.
[[0;32m  OK  [0m] Created slice system-serial\x2dgetty.slice.
[[0;32m  OK  [0m] Listening on LVM2 poll daemon socket.
[[0;32m  OK  [0m] Listening on Device-mapper event daemon FIFOs.
[[0;32m  OK  [0m] Listening on Journal Socket.
         Starting Load Kernel Modules...
         Mounting POSIX Message Queue File System...
[[0;32m  OK  [0m] Listening on Syslog Socket.
         Starting Remount Root and Kernel File Systems...
         Mounting Huge Pages File System...
         Mounting Kernel Debug File System...
[   11.369745] Loading iSCSI transport class v2.0-870.
[[0;32m  OK  [0m] Listening on Journal Socket (/dev/log).
         Starting Create list of required st…ce nodes for the current kernel..[   11.385496] EXT4-fs (sda1): re-mounted. Opts: (null)
.
[[0;32m  OK  [0m] Listening on udev Kernel Socket.
         Starting udev Coldplug all Devices...
         Starting Set the console keyboard layout...
[[0;32m  OK  [0m] Listening on Network Service Netlink Socket.
[[0;32m  OK  [0m] Reached target User and Group Name Lookups.
         Starting Uncomplicated firewall...
[[0;32m  OK  [0m] Listening on Journal Audit Socket.
[[0;32m  OK  [0m] Created slice User and Session Slice.
[[0;32m  OK  [0m] Reached target Slices.
         Starting Monitoring of LVM2 mirrors…ng dmeventd or progress polling...
         Starting Journal Service...
[[0;32m  OK  [0m] Listening on /dev/initctl Compatibility Named Pipe.
[   11.481951] iscsi: registered transport (tcp)
[[0;32m  OK  [0m] Mounted POSIX Message Queue File System.
[[0;32m  OK  [0m] Started Remount Root and Kernel File Systems.
[[0;32m  OK  [0m] Mounted Huge Pages File System.
[[0;32m  OK  [0m] Mounted Kernel Debug File System.
[[0;32m  OK  [0m] Started Create list of required sta…vice nodes for the current kernel.
         Starting Create Static Device Nodes in /dev...
         Starting Load/Save Random Seed...
         Starting Initial cloud-init job (pre-networking)...
[[0;32m  OK  [0m] Started Uncomplicated firewall.
[[0;32m  OK  [0m] Started Create Static Device Nodes in /dev.
         Starting udev Kernel Device Manager...
[[0;32m  OK  [0m] Started Load/Save Random Seed.
[[0;32m  OK  [0m] Started LVM2 metadata daemon.
[[0;32m  OK  [0m] Started udev Coldplug all Devices.
[[0;32m  OK  [0m] Started Journal Service.
         Starting Flush Journal to Persistent Storage...
[   12.052881] systemd-journald[404]: Received request to flush runtime journal from PID 1
[[0;32m  OK  [0m] Started udev Kernel Device Manager.
[[0;32m  OK  [0m] Started Monitoring of LVM2 mirrors,…sing dmeventd or progress polling.
[   12.187799] iscsi: registered transport (iser)
[[0;32m  OK  [0m] Started Load Kernel Modules.
         Mounting FUSE Control File System...
         Starting Apply Kernel Variables...
         Mounting Kernel Configuration File System...
[[0;32m  OK  [0m] Mounted FUSE Control File System.
[[0;32m  OK  [0m] Mounted Kernel Configuration File System.
[[0;32m  OK  [0m] Started Apply Kernel Variables.
[[0;32m  OK  [0m] Started Flush Journal to Persistent Storage.
[[0;32m  OK  [0m] Started Set the console keyboard layout.
[[0;32m  OK  [0m] Reached target Local File Systems (Pre).
[[0;32m  OK  [0m] Reached target Local File Systems.
         Starting Tell Plymouth To Write Out Runtime Data...
         Starting Set console font and keymap...
         Starting Create Volatile Files and Directories...
         Starting ebtables ruleset management...
         Starting AppArmor initialization...
[[0;32m  OK  [0m] Started Dispatch Password Requests to Console Directory Watch.
[[0;32m  OK  [0m] Reached target Local Encrypted Volumes.
[[0;32m  OK  [0m] Started Tell Plymouth To Write Out Runtime Data.
[[0;32m  OK  [0m] Started Set console font and keymap.
[[0;32m  OK  [0m] Started Create Volatile Files and Directories.
         Starting Update UTMP about System Boot/Shutdown...
[[0;32m  OK  [0m] Started Update UTMP about System Boot/Shutdown.
[[0;32m  OK  [0m] Started ebtables ruleset management.
[[0;32m  OK  [0m] Started AppArmor initialization.
[[0;32m  OK  [0m] Found device /dev/ttyS0.
[[0;32m  OK  [0m] Listening on Load/Save RF Kill Switch Status /dev/rfkill Watch.
[   16.470365] cloud-init[409]: Cloud-init v. 18.4-0ubuntu1~18.04.1 running 'init-local' at Thu, 26 Sep 2019 10:59:21 +0000. Up 15.74 seconds.
[[0;32m  OK  [0m] Started Initial cloud-init job (pre-networking).
[[0;32m  OK  [0m] Reached target Network (Pre).
         Starting Network Service...
[[0;32m  OK  [0m] Started Network Service.
         Starting Wait for Network to be Configured...
         Starting Network Name Resolution...
[[0;32m  OK  [0m] Started Network Name Resolution.
[[0;32m  OK  [0m] Reached target Network.
[[0;32m  OK  [0m] Reached target Host and Network Name Lookups.
[[0;32m  OK  [0m] Started Wait for Network to be Configured.
         Starting Initial cloud-init job (metadata service crawler)...
[   20.346305] cloud-init[651]: Cloud-init v. 18.4-0ubuntu1~18.04.1 running 'init' at Thu, 26 Sep 2019 10:59:25 +0000. Up 19.73 seconds.
[   20.351615] cloud-init[651]: ci-info: ++++++++++++++++++++++++++++++++++++++Net device info++++++++++++++++++++++++++++++++++++++
[   20.356108] cloud-init[651]: ci-info: +--------+------+----------------------------+---------------+--------+-------------------+
[   20.368889] cloud-init[651]: ci-info: | Device |  Up  |          Address           |      Mask     | Scope  |     Hw-Address    |
[   20.372347] cloud-init[651]: ci-info: +--------+------+----------------------------+---------------+--------+-------------------+
[   20.376720] cloud-init[651]: ci-info: | enp0s3 | True |         10.0.2.15          | 255.255.255.0 | global | 02:7b:65:15:69:ab |
[   20.388704] cloud-init[651]: ci-info: | enp0s3 | True | fe80::7b:65ff:fe15:69ab/64 |       .       |  link  | 02:7b:65:15:69:ab |
[   20.392611] cloud-init[651]: ci-info: |   lo   | True |         127.0.0.1          |   255.0.0.0   |  host  |         .         |
[   20.396356] cloud-init[651]: ci-info: |   lo   | True |          ::1/128           |       .       |  host  |         .         |
[   20.409168] cloud-init[651]: ci-info: +--------+------+----------------------------+---------------+--------+-------------------+
[   20.412660] cloud-init[651]: ci-info: ++++++++++++++++++++++++++++Route IPv4 info+++++++++++++++++++++++++++++
[   20.417105] cloud-init[651]: ci-info: +-------+-------------+----------+-----------------+-----------+-------+
[   20.421535] cloud-init[651]: ci-info: | Route | Destination | Gateway  |     Genmask     | Interface | Flags |
[   20.424806] cloud-init[651]: ci-info: +-------+-------------+----------+-----------------+-----------+-------+
[   20.430363] cloud-init[651]: ci-info: |   0   |   0.0.0.0   | 10.0.2.2 |     0.0.0.0     |   enp0s3  |   UG  |
[   20.437813] cloud-init[651]: ci-info: |   1   |   10.0.2.0  | 0.0.0.0  |  255.255.255.0  |   enp0s3  |   U   |
[   20.443068] cloud-init[651]: ci-info: |   2   |   10.0.2.2  | 0.0.0.0  | 255.255.255.255 |   enp0s3  |   UH  |
[   20.447798] cloud-init[651]: ci-info: +-------+-------------+----------+-----------------+-----------+-------+
[   20.452481] cloud-init[651]: ci-info: +++++++++++++++++++Route IPv6 info+++++++++++++++++++
[   20.455717] cloud-init[651]: ci-info: +-------+-------------+---------+-----------+-------+
[   20.460075] cloud-init[651]: ci-info: | Route | Destination | Gateway | Interface | Flags |
[   20.465058] cloud-init[651]: ci-info: +-------+-------------+---------+-----------+-------+
[   20.469364] cloud-init[651]: ci-info: |   1   |  fe80::/64  |    ::   |   enp0s3  |   U   |
[   20.491868] cloud-init[651]: ci-info: |   3   |    local    |    ::   |   enp0s3  |   U   |
[   20.497195] cloud-init[651]: ci-info: |   4   |   ff00::/8  |    ::   |   enp0s3  |   U   |
[   20.503995] cloud-init[651]: ci-info: +-------+-------------+---------+-----------+-------+
[[0;32m  OK  [0m] Started Initial cloud-init job (metadata service crawler).
[[0;32m  OK  [0m] Reached target System Initialization.
[[0;32m  OK  [0m] Started Discard unused blocks once a week.
[[0;32m  OK  [0m] Listening on D-Bus System Message Bus Socket.
         Starting Socket activation for snappy daemon.
         Starting LXD - unix socket.
[[0;32m  OK  [0m] Started Message of the Day.
[[0;32m  OK  [0m] Listening on Open-iSCSI iscsid Socket.
[[0;32m  OK  [0m] Listening on ACPID Listen Socket.
[[0;32m  OK  [0m] Started Daily apt download activities.
[[0;32m  OK  [0m] Started Daily apt upgrade and clean activities.
[[0;32m  OK  [0m] Listening on UUID daemon activation socket.
[[0;32m  OK  [0m] Started ACPI Events Check.
[[0;32m  OK  [0m] Reached target Paths.
[[0;32m  OK  [0m] Started Daily Cleanup of Temporary Directories.
[[0;32m  OK  [0m] Reached target Timers.
[[0;32m  OK  [0m] Reached target Network is Online.
         Starting Availability of block devices...
[[0;32m  OK  [0m] Reached target Remote File Systems (Pre).
[[0;32m  OK  [0m] Reached target Remote File Systems.
[[0;32m  OK  [0m] Reached target Cloud-config availability.
[[0;32m  OK  [0m] Listening on Socket activation for snappy daemon.
[[0;32m  OK  [0m] Listening on LXD - unix socket.
[[0;32m  OK  [0m] Started Availability of block devices.
[[0;32m  OK  [0m] Reached target Sockets.
[[0;32m  OK  [0m] Reached target Basic System.
         Starting LXD - container startup/shutdown...
[[0;32m  OK  [0m] Started FUSE filesystem for LXC.
         Starting LSB: automatic crash report generation...
[[0;32m  OK  [0m] Started Regular background program processing daemon.
         Starting OpenBSD Secure Shell server...
         Starting Dispatcher daemon for systemd-networkd...
         Starting Accounts Service...
[[0;32m  OK  [0m] Started Unattended Upgrades Shutdown.
[[0;32m  OK  [0m] Started irqbalance daemon.
         Starting LSB: Record successful boot for GRUB...
         Starting Virtualbox guest utils...
[[0;32m  OK  [0m] Started Deferred execution scheduler.
         Starting Permit User Sessions...
[[0;32m  OK  [0m] Started D-Bus System Message Bus.
         Starting Login Service...
         Starting Snappy daemon...
         Starting System Logging Service...
[[0;32m  OK  [0m] Started Permit User Sessions.
         Starting Terminate Plymouth Boot Screen...
         Starting Hold until boot process finishes up...
[[0;32m  OK  [0m] Started Terminate Plymouth Boot Screen.
[[0;32m  OK  [0m] Started Hold until boot process finishes up.
         Starting Set console scheme...
[[0;32m  OK  [0m] Started Serial Getty on ttyS0.
[[0;32m  OK  [0m] Started OpenBSD Secure Shell server.
[[0;32m  OK  [0m] Started Set console scheme.
[[0;32m  OK  [0m] Created slice system-getty.slice.
[[0;32m  OK  [0m] Started Getty on tty1.
[[0;32m  OK  [0m] Reached target Login Prompts.
[[0;32m  OK  [0m] Started LXD - container startup/shutdown.
[[0;32m  OK  [0m] Started LSB: automatic crash report generation.
[[0;32m  OK  [0m] Started Login Service.
         Starting Authorization Manager...
[[0;32m  OK  [0m] Started LSB: Record successful boot for GRUB.
[[0;32m  OK  [0m] Started Authorization Manager.
[[0;32m  OK  [0m] Started Accounts Service.
[[0;32m  OK  [0m] Started System Logging Service.
[[0;32m  OK  [0m] Started Virtualbox guest utils.
[[0;32m  OK  [0m] Started Dispatcher daemon for systemd-networkd.
[[0;32m  OK  [0m] Started Snappy daemon.
         Starting Wait until snapd is fully seeded...
[[0;32m  OK  [0m] Started Wait until snapd is fully seeded.
         Starting Apply the settings specified in cloud-config...
[[0;32m  OK  [0m] Reached target Multi-User System.
[[0;32m  OK  [0m] Reached target Graphical Interface.
         Starting Update UTMP about System Runlevel Changes...
[[0;32m  OK  [0m] Started Update UTMP about System Runlevel Changes.
[[0;32m  OK  [0m] Created slice User Slice of vagrant.
         Starting User Manager for UID 1000...
[[0;32m  OK  [0m] Started Session 1 of user vagrant.
[[0;32m  OK  [0m] Started User Manager for UID 1000.
[   25.806709] cloud-init[985]: Cloud-init v. 18.4-0ubuntu1~18.04.1 running 'modules:config' at Thu, 26 Sep 2019 10:59:31 +0000. Up 25.36 seconds.
[[0;32m  OK  [0m] Started Apply the settings specified in cloud-config.
         Starting Execute cloud user/final scripts...

Ubuntu 18.04.1 LTS ubuntu-bionic ttyS0

ubuntu-bionic login: [   28.599721] cloud-init[1070]: Cloud-init v. 18.4-0ubuntu1~18.04.1 running 'modules:final' at Thu, 26 Sep 2019 10:59:34 +0000. Up 28.01 seconds.
[   28.605924] cloud-init[1070]: Cloud-init v. 18.4-0ubuntu1~18.04.1 finished at Thu, 26 Sep 2019 10:59:34 +0000. Datasource DataSourceNoCloud [seed=/dev/sdb][dsmode=net].  Up 28.57 seconds
